<?xml version="1.0" encoding="UTF-8"?>
<testsuite xmlns:xsi="http://www.w3.org/2001/XMLSchema-instance" xsi:noNamespaceSchemaLocation="https://maven.apache.org/surefire/maven-surefire-plugin/xsd/surefire-test-report-3.0.xsd" version="3.0" name="io.debezium.connector.oracle.logminer.LogMinerDmlParserTest" time="0.002" tests="14" errors="0" skipped="0" failures="0">
  <properties>
[...]
</properties>
  <testcase name="testNameWithWhitespaces" classname="io.debezium.connector.oracle.logminer.LogMinerDmlParserTest" time="0"/>
  <testcase name="testEscapedSingleQuote" classname="io.debezium.connector.oracle.logminer.LogMinerDmlParserTest" time="0"/>
  <testcase name="shouldParseConcatenatedUnistrValues" classname="io.debezium.connector.oracle.logminer.LogMinerDmlParserTest" time="0"/>
  <testcase name="testParsingUpdateWithNoWhereClauseIsAcceptable" classname="io.debezium.connector.oracle.logminer.LogMinerDmlParserTest" time="0"/>
  <testcase name="shouldParsingRedoSqlWithParenthesisInFunctionArgumentStrings" classname="io.debezium.connector.oracle.logminer.LogMinerDmlParserTest" time="0"/>
  <testcase name="shouldNotInterpretConcatenationSyntaxInSingleQuotedValuesAsConcatenation" classname="io.debezium.connector.oracle.logminer.LogMinerDmlParserTest" time="0"/>
  <testcase name="testParsingDelete" classname="io.debezium.connector.oracle.logminer.LogMinerDmlParserTest" time="0"/>
  <testcase name="testParsingInsert" classname="io.debezium.connector.oracle.logminer.LogMinerDmlParserTest" time="0"/>
  <testcase name="testParsingUpdate" classname="io.debezium.connector.oracle.logminer.LogMinerDmlParserTest" time="0"/>
  <testcase name="testParsingUpdateWithNoWhereClauseFunctionAsLastColumn" classname="io.debezium.connector.oracle.logminer.LogMinerDmlParserTest" time="0"/>
  <testcase name="testParsingWithTableAliases" classname="io.debezium.connector.oracle.logminer.LogMinerDmlParserTest" time="0.001"/>
  <testcase name="testParsingDoubleSingleQuoteInWhereClause" classname="io.debezium.connector.oracle.logminer.LogMinerDmlParserTest" time="0"/>
  <testcase name="testParsingDeleteWithNoWhereClauseIsAcceptable" classname="io.debezium.connector.oracle.logminer.LogMinerDmlParserTest" time="0"/>
  <testcase name="shouldReturnUnavailableColumnValueForLobColumnTypes" classname="io.debezium.connector.oracle.logminer.LogMinerDmlParserTest" time="0"/>
</testsuite>