<?xml version="1.0" encoding="UTF-8"?>
<testsuite xmlns:xsi="http://www.w3.org/2001/XMLSchema-instance" xsi:noNamespaceSchemaLocation="https://maven.apache.org/surefire/maven-surefire-plugin/xsd/surefire-test-report-3.0.xsd" version="3.0" name="io.debezium.connector.mysql.legacy.ParallelSnapshotReaderTest" time="0.268" tests="9" errors="0" skipped="0" failures="0">
  <properties>
[...]
</properties>
  <testcase name="pollCombinesBothReadersPolls" classname="io.debezium.connector.mysql.legacy.ParallelSnapshotReaderTest" time="0.263"/>
  <testcase name="pollReturnsNullIfBothReadersAreStopped" classname="io.debezium.connector.mysql.legacy.ParallelSnapshotReaderTest" time="0.001"/>
  <testcase name="testHaltingPredicateHonorsTimeRange" classname="io.debezium.connector.mysql.legacy.ParallelSnapshotReaderTest" time="0.001"/>
  <testcase name="pollReturnsOldIfNewReaderIsStopped" classname="io.debezium.connector.mysql.legacy.ParallelSnapshotReaderTest" time="0"/>
  <testcase name="testHaltingPredicateFlipsthisReaderNearEnd" classname="io.debezium.connector.mysql.legacy.ParallelSnapshotReaderTest" time="0"/>
  <testcase name="pollReturnsNewIfOldReaderIsStopped" classname="io.debezium.connector.mysql.legacy.ParallelSnapshotReaderTest" time="0"/>
  <testcase name="testStopStopsBothReaders" classname="io.debezium.connector.mysql.legacy.ParallelSnapshotReaderTest" time="0.002"/>
  <testcase name="startStartsBothReaders" classname="io.debezium.connector.mysql.legacy.ParallelSnapshotReaderTest" time="0.001"/>
  <testcase name="testHaltingPredicateHalts" classname="io.debezium.connector.mysql.legacy.ParallelSnapshotReaderTest" time="0"/>
</testsuite>